<?xml version="1.0" encoding="UTF-8"?>
<!-- Generated by org.testng.reporters.JUnitReportReporter -->
<testsuite hostname="IBM-DOTNET-001" name="Test.TestAPI" tests="1" failures="0" timestamp="4 May 2021 04:59:55 GMT" time="3.003" errors="0">
  <testcase name="getalluser" time="3.003" classname="Test.TestAPI"/>
</testsuite> <!-- Test.TestAPI -->
